Detecting compiler hash for triplet x64-windows...
Compiler found: C:/Program Files/Microsoft Visual Studio/2022/Community/VC/Tools/MSVC/14.44.35207/bin/Hostx64/x64/cl.exe
The following packages will be built and installed:
    fmt:x64-windows@11.0.2 -- C:\vcpkg\buildtrees\versioning_\versions\fmt\65fe4dea09fc09a30e6ece9ac19edb7ad6a49601
  * vcpkg-cmake:x64-windows@2024-04-23 -- C:\vcpkg\buildtrees\versioning_\versions\vcpkg-cmake\e74aa1e8f93278a8e71372f1fa08c3df420eb840
  * vcpkg-cmake-config:x64-windows@2024-05-23 -- C:\vcpkg\buildtrees\versioning_\versions\vcpkg-cmake-config\97a63e4bc1a17422ffe4eff71da53b4b561a7841
Additional packages (*) will be modified to complete this operation.
Restored 3 package(s) from C:\Users\mjcog\AppData\Local\vcpkg\archives in 62.4 ms. Use --debug to see more details.
Installing 1/3 vcpkg-cmake-config:x64-windows@2024-05-23...
Elapsed time to handle vcpkg-cmake-config:x64-windows: 3.37 ms
vcpkg-cmake-config:x64-windows package ABI: cbdd566ae7317eea0c4255b4f73cd2c89037bb84a084ffa11df1bca53e187f5a
Installing 2/3 vcpkg-cmake:x64-windows@2024-04-23...
Elapsed time to handle vcpkg-cmake:x64-windows: 4.21 ms
vcpkg-cmake:x64-windows package ABI: f775fe64df715c5f5db1072ff49f30cb6f86d2caf4a72647032cbdda89d1d044
Installing 3/3 fmt:x64-windows@11.0.2...
Elapsed time to handle fmt:x64-windows: 7.86 ms
fmt:x64-windows package ABI: 1bb3474378c11135f6838c92f9214d67f9f38d8eca78b4204f804132abc7bc78
Total install time: 17 ms
The package fmt provides CMake targets:

    find_package(fmt CONFIG REQUIRED)
    target_link_libraries(main PRIVATE fmt::fmt)

    # Or use the header-only version
    find_package(fmt CONFIG REQUIRED)
    target_link_libraries(main PRIVATE fmt::fmt-header-only)

